{"level":"info","message":"Listening on :8080","timestamp":"2013-11-22T01:12:33.991Z"}
{"level":"info","message":"Listening on :8080","timestamp":"2013-11-22T01:17:05.757Z"}
{"level":"info","message":"Listening on :8080","timestamp":"2013-11-22T01:17:27.238Z"}
{"level":"info","message":"Listening on :8080","timestamp":"2013-11-22T01:18:26.866Z"}
{"level":"info","message":"Listening on :8080","timestamp":"2013-11-22T01:23:23.897Z"}
{"level":"info","message":"Listening on :8080","timestamp":"2013-11-22T01:25:16.069Z"}
{"level":"info","message":"Listening on :8080","timestamp":"2013-11-22T01:26:54.120Z"}
{"level":"info","message":"Listening on :8080","timestamp":"2013-11-22T01:29:06.157Z"}
{"level":"info","message":"Listening on :8080","timestamp":"2013-11-22T01:29:09.854Z"}
{"level":"info","message":"Listening on :8080","timestamp":"2013-11-22T01:29:19.238Z"}
{"level":"info","message":"Listening on :8080","timestamp":"2013-11-22T01:29:57.990Z"}
{"level":"info","message":"Serving static file","timestamp":"2013-11-22T01:30:04.111Z"}
{"level":"info","message":"Serving static file","timestamp":"2013-11-22T01:30:29.278Z"}
{"level":"info","message":"Listening on :8080","timestamp":"2013-11-22T01:30:29.667Z"}
{"level":"info","message":"Serving static file","timestamp":"2013-11-22T01:30:29.895Z"}
{"level":"info","message":"Serving static file","timestamp":"2013-11-22T01:31:24.512Z"}
{"level":"info","message":"Listening on :8080","timestamp":"2013-11-22T01:31:44.287Z"}
{"level":"info","message":"Serving static file","timestamp":"2013-11-22T01:31:45.500Z"}
{"level":"info","message":"Listening on :8080","timestamp":"2013-11-22T01:33:49.450Z"}
{"level":"info","message":"Listening on :8080","timestamp":"2013-11-22T01:33:52.443Z"}
{"level":"info","message":"Serving static file","timestamp":"2013-11-22T01:33:56.246Z"}
{"level":"info","message":"Listening on :8080","timestamp":"2013-11-22T01:33:56.781Z"}
{"level":"info","message":"Listening on :8080","timestamp":"2013-11-22T01:33:57.834Z"}
{"level":"info","message":"Serving static file","timestamp":"2013-11-22T01:34:02.392Z"}
{"level":"info","message":"Listening on :8080","timestamp":"2013-11-22T01:34:02.910Z"}
{"level":"info","message":"Listening on :8080","timestamp":"2013-11-22T01:34:18.436Z"}
{"level":"info","message":"Serving static file","timestamp":"2013-11-22T01:34:19.313Z"}
{"level":"info","message":"Serving static file","timestamp":"2013-11-22T01:34:20.267Z"}
{"level":"info","message":"Listening on :8080","timestamp":"2013-11-22T01:35:39.414Z"}
{"level":"info","message":"Serving static file","timestamp":"2013-11-22T01:35:42.555Z"}
{"level":"info","message":"Serving static file","timestamp":"2013-11-22T01:36:26.839Z"}
{"level":"info","message":"Serving static file","timestamp":"2013-11-22T01:36:31.438Z"}
{"level":"info","message":"Listening on :8080","timestamp":"2013-11-22T01:42:28.319Z"}
{"level":"info","message":"Listening on :8080","timestamp":"2013-11-22T01:44:00.293Z"}
{"level":"info","message":"Listening on :8080","timestamp":"2013-11-22T01:46:27.988Z"}
{"level":"info","message":"Listening on :8080","timestamp":"2013-11-22T01:46:28.403Z"}
{"level":"info","message":"Listening on :8080","timestamp":"2013-11-22T01:46:28.800Z"}
{"level":"info","message":"Listening on :8080","timestamp":"2013-11-22T01:46:29.169Z"}
{"level":"info","message":"Listening on :8080","timestamp":"2013-11-22T01:46:29.571Z"}
{"level":"info","message":"Listening on :8080","timestamp":"2013-11-22T01:46:29.955Z"}
{"level":"info","message":"Listening on :8080","timestamp":"2013-11-22T01:46:30.344Z"}
{"level":"info","message":"Listening on :8080","timestamp":"2013-11-22T01:46:30.719Z"}
{"level":"info","message":"Listening on :8080","timestamp":"2013-11-22T01:46:31.105Z"}
{"level":"info","message":"Listening on :8080","timestamp":"2013-11-22T01:46:31.479Z"}
{"level":"info","message":"Listening on :8080","timestamp":"2013-11-22T01:46:34.375Z"}
{"level":"info","message":"Listening on :8080","timestamp":"2013-11-22T01:46:34.747Z"}
{"level":"info","message":"Listening on :8080","timestamp":"2013-11-22T01:46:35.140Z"}
{"level":"info","message":"Listening on :8080","timestamp":"2013-11-22T01:46:35.512Z"}
{"level":"info","message":"Listening on :8080","timestamp":"2013-11-22T01:46:35.902Z"}
{"level":"info","message":"Listening on :8080","timestamp":"2013-11-22T01:46:36.277Z"}
{"level":"info","message":"Listening on :8080","timestamp":"2013-11-22T01:46:36.654Z"}
{"level":"info","message":"Listening on :8080","timestamp":"2013-11-22T01:46:37.042Z"}
{"level":"info","message":"Listening on :8080","timestamp":"2013-11-22T01:46:37.416Z"}
{"level":"info","message":"Listening on :8080","timestamp":"2013-11-22T01:46:37.808Z"}
{"level":"info","message":"Listening on :8080","timestamp":"2013-11-22T01:46:38.189Z"}
{"level":"info","message":"Listening on :8080","timestamp":"2013-11-22T01:46:38.574Z"}
{"level":"info","message":"Listening on :8080","timestamp":"2013-11-22T01:46:38.962Z"}
{"level":"info","message":"Listening on :8080","timestamp":"2013-11-22T01:46:39.338Z"}
{"level":"info","message":"Listening on :8080","timestamp":"2013-11-22T01:46:39.715Z"}
{"level":"info","message":"Listening on :8080","timestamp":"2013-11-22T01:46:40.105Z"}
{"level":"info","message":"Listening on :8080","timestamp":"2013-11-22T01:46:40.491Z"}
{"level":"info","message":"Listening on :8080","timestamp":"2013-11-22T01:46:40.886Z"}
{"level":"info","message":"Listening on :8080","timestamp":"2013-11-22T01:46:41.263Z"}
{"level":"info","message":"Listening on :8080","timestamp":"2013-11-22T01:46:41.638Z"}
{"level":"info","message":"Listening on :8080","timestamp":"2013-11-22T01:46:42.030Z"}
{"level":"info","message":"Listening on :8080","timestamp":"2013-11-22T01:46:42.440Z"}
{"level":"info","message":"Listening on :8080","timestamp":"2013-11-22T01:46:42.829Z"}
{"level":"info","message":"Listening on :8080","timestamp":"2013-11-22T01:46:43.214Z"}
{"level":"info","message":"Listening on :8080","timestamp":"2013-11-22T01:46:43.587Z"}
{"level":"info","message":"Listening on :8080","timestamp":"2013-11-22T01:46:43.979Z"}
{"level":"info","message":"Listening on :8080","timestamp":"2013-11-22T01:46:44.352Z"}
{"level":"info","message":"Listening on :8080","timestamp":"2013-11-22T01:46:44.744Z"}
{"level":"info","message":"Listening on :8080","timestamp":"2013-11-22T01:46:45.118Z"}
{"level":"info","message":"Listening on :8080","timestamp":"2013-11-22T01:46:45.538Z"}
{"level":"info","message":"Listening on :8080","timestamp":"2013-11-22T01:46:45.931Z"}
{"level":"info","message":"Listening on :8080","timestamp":"2013-11-22T01:46:46.306Z"}
{"level":"info","message":"Listening on :8080","timestamp":"2013-11-22T01:46:46.716Z"}
{"level":"info","message":"Listening on :8080","timestamp":"2013-11-22T01:46:47.104Z"}
{"level":"info","message":"Listening on :8080","timestamp":"2013-11-22T01:46:47.479Z"}
{"level":"info","message":"Listening on :8080","timestamp":"2013-11-22T01:46:47.871Z"}
{"level":"info","message":"Listening on :8080","timestamp":"2013-11-22T01:46:48.245Z"}
{"level":"info","message":"Listening on :8080","timestamp":"2013-11-22T01:46:48.646Z"}
{"level":"info","message":"Listening on :8080","timestamp":"2013-11-22T01:46:49.034Z"}
{"level":"info","message":"Listening on :8080","timestamp":"2013-11-22T01:46:49.412Z"}
{"level":"info","message":"Listening on :8080","timestamp":"2013-11-22T01:46:49.790Z"}
{"level":"info","message":"Listening on :8080","timestamp":"2013-11-22T01:46:50.179Z"}
{"level":"info","message":"Listening on :8080","timestamp":"2013-11-22T01:46:50.554Z"}
{"level":"info","message":"Listening on :8080","timestamp":"2013-11-22T01:46:50.946Z"}
{"level":"info","message":"Listening on :8080","timestamp":"2013-11-22T01:46:51.320Z"}
{"level":"info","message":"Listening on :8080","timestamp":"2013-11-22T01:46:51.694Z"}
{"level":"info","message":"Listening on :8080","timestamp":"2013-11-22T01:46:56.371Z"}
{"level":"info","message":"Listening on :8080","timestamp":"2013-11-22T01:46:56.753Z"}
{"level":"info","message":"Listening on :8080","timestamp":"2013-11-22T01:46:57.131Z"}
{"level":"info","message":"Listening on :8080","timestamp":"2013-11-22T01:46:57.508Z"}
{"level":"info","message":"Listening on :8080","timestamp":"2013-11-22T01:46:57.896Z"}
{"level":"info","message":"Listening on :8080","timestamp":"2013-11-22T01:46:58.271Z"}
{"level":"info","message":"Listening on :8080","timestamp":"2013-11-22T01:46:58.661Z"}
{"level":"info","message":"Listening on :8080","timestamp":"2013-11-22T01:47:04.348Z"}
{"level":"info","message":"Listening on :8080","timestamp":"2013-11-22T01:47:43.875Z"}
{"level":"info","message":"Listening on :8080","timestamp":"2013-11-22T01:55:02.074Z"}
{"level":"info","message":"Listening on :8080","timestamp":"2013-11-22T02:05:16.365Z"}
{"level":"info","message":"Listening on :8080","timestamp":"2013-11-22T02:05:39.494Z"}
{"level":"info","message":"Listening on :8080","timestamp":"2013-11-22T02:05:40.486Z"}
{"level":"info","message":"Listening on :8080","timestamp":"2013-11-22T02:05:56.481Z"}
{"level":"info","message":"Listening on :3005","timestamp":"2013-11-22T02:06:07.475Z"}
{"level":"info","message":"Listening on :3005","timestamp":"2013-11-22T02:12:44.532Z"}
{"level":"info","message":"Listening on :3005","timestamp":"2013-11-22T02:13:28.558Z"}
{"level":"info","message":"Listening on :3005","timestamp":"2013-11-22T02:13:59.674Z"}
{"level":"info","message":"Listening on :3005","timestamp":"2013-11-22T02:14:00.546Z"}
{"level":"info","message":"Listening on :3005","timestamp":"2013-11-22T02:14:08.540Z"}
{"level":"info","message":"Listening on :3005","timestamp":"2013-11-22T02:14:25.538Z"}
{"level":"info","message":"Listening on :3005","timestamp":"2013-11-22T02:14:38.054Z"}
{"level":"info","message":"Listening on :3005","timestamp":"2013-11-22T02:14:38.539Z"}
{"level":"info","message":"Listening on :3005","timestamp":"2013-11-22T02:15:28.538Z"}
{"level":"info","message":"Listening on :3005","timestamp":"2013-11-22T02:20:39.932Z"}
{"level":"info","message":"Listening on :3005","timestamp":"2013-11-22T02:21:34.116Z"}
{"level":"info","message":"Listening on :3005","timestamp":"2013-11-22T02:22:13.035Z"}
{"level":"info","message":"Listening on :3005","timestamp":"2013-11-22T02:22:27.090Z"}
{"level":"info","message":"Listening on :3005","timestamp":"2013-11-22T02:22:37.103Z"}
{"level":"info","message":"Listening on :3005","timestamp":"2013-11-22T02:22:46.129Z"}
{"level":"info","message":"Listening on :3005","timestamp":"2013-11-22T02:23:44.112Z"}
{"level":"info","message":"Listening on :3005","timestamp":"2013-11-22T02:23:45.118Z"}
{"level":"info","message":"Listening on :3005","timestamp":"2013-11-22T02:23:58.528Z"}
{"level":"info","message":"Listening on :3005","timestamp":"2013-11-22T02:24:26.622Z"}
{"level":"info","message":"Listening on :3005","timestamp":"2013-11-22T02:24:37.638Z"}
{"level":"info","message":"Listening on :3005","timestamp":"2013-11-22T02:24:46.611Z"}
{"level":"info","message":"Listening on :3005","timestamp":"2013-11-22T02:24:49.629Z"}
{"level":"info","message":"Listening on :3005","timestamp":"2013-11-22T02:24:55.616Z"}
{"level":"info","message":"Listening on :3005","timestamp":"2013-11-22T02:24:59.646Z"}
{"level":"info","message":"Listening on :3005","timestamp":"2013-11-22T02:25:14.624Z"}
{"level":"info","message":"Listening on :3005","timestamp":"2013-11-22T02:25:19.607Z"}
{"level":"info","message":"Listening on :3005","timestamp":"2013-11-22T02:25:23.604Z"}
{"level":"info","message":"Listening on :3005","timestamp":"2013-11-22T02:25:52.766Z"}
{"level":"info","message":"Listening on :3005","timestamp":"2013-11-22T02:26:24.594Z"}
{"level":"info","message":"Listening on :3005","timestamp":"2013-11-22T02:27:02.632Z"}
{"level":"info","message":"Listening on :3005","timestamp":"2013-11-22T02:29:12.747Z"}
{"level":"info","message":"Listening on :3005","timestamp":"2013-11-22T02:29:30.625Z"}
{"level":"info","message":"Listening on :3005","timestamp":"2013-11-22T02:30:08.652Z"}
{"level":"info","message":"Listening on :3005","timestamp":"2013-11-22T02:31:02.595Z"}
{"level":"info","message":"Listening on :3005","timestamp":"2013-11-22T02:31:08.595Z"}
{"level":"info","message":"Listening on :3005","timestamp":"2013-11-22T02:31:53.639Z"}
{"level":"info","message":"Listening on :3005","timestamp":"2013-11-22T02:31:59.600Z"}
{"level":"info","message":"Listening on :3005","timestamp":"2013-11-22T02:32:28.257Z"}
{"level":"info","message":"Listening on :3005","timestamp":"2013-11-22T02:32:40.430Z"}
{"level":"info","message":"Listening on :3005","timestamp":"2013-11-22T02:33:59.566Z"}
{"level":"info","message":"Listening on :3005","timestamp":"2013-11-22T02:34:04.632Z"}
{"level":"info","message":"Listening on :3005","timestamp":"2013-11-22T02:34:49.661Z"}
{"level":"info","message":"Listening on :3005","timestamp":"2013-11-22T03:00:14.523Z"}
{"level":"info","message":"Listening on :3005","timestamp":"2013-11-22T03:02:28.914Z"}
{"level":"info","message":"Listening on :3005","timestamp":"2013-11-22T03:03:02.012Z"}
{"level":"info","message":"Listening on :3005","timestamp":"2013-11-22T03:03:36.000Z"}
{"level":"info","message":"Listening on :3005","timestamp":"2013-11-22T03:03:52.055Z"}
{"level":"info","message":"Listening on :3005","timestamp":"2013-11-22T03:03:55.363Z"}
{"level":"info","message":"Listening on :3005","timestamp":"2013-11-22T03:03:56.717Z"}
{"level":"info","message":"Listening on :3005","timestamp":"2013-11-22T03:04:12.490Z"}
{"level":"info","message":"Listening on :3005","timestamp":"2013-11-22T03:05:45.524Z"}
{"level":"info","message":"Listening on :3005","timestamp":"2013-11-22T03:05:53.525Z"}
{"level":"info","message":"Listening on :3005","timestamp":"2013-11-22T03:06:20.570Z"}
{"level":"info","message":"Listening on :3005","timestamp":"2013-11-22T03:06:33.580Z"}
{"level":"info","message":"Listening on :3005","timestamp":"2013-11-22T03:06:49.548Z"}
{"level":"info","message":"Listening on :3005","timestamp":"2013-11-22T03:06:56.548Z"}
{"level":"info","message":"Listening on :3005","timestamp":"2013-11-22T03:07:39.560Z"}
{"level":"info","message":"Listening on :3005","timestamp":"2013-11-22T03:07:44.550Z"}
{"level":"info","message":"Listening on :3005","timestamp":"2013-11-22T03:07:53.562Z"}
{"level":"info","message":"Listening on :3005","timestamp":"2013-11-22T03:08:03.545Z"}
{"level":"info","message":"Listening on :3005","timestamp":"2013-11-22T03:08:15.556Z"}
{"level":"info","message":"Listening on :3005","timestamp":"2013-11-22T03:08:42.569Z"}
{"level":"info","message":"Listening on :3005","timestamp":"2013-11-22T03:08:49.185Z"}
{"level":"info","message":"Listening on :3005","timestamp":"2013-11-22T03:09:00.541Z"}
{"level":"info","message":"Listening on :3005","timestamp":"2013-11-22T03:09:10.537Z"}
{"level":"info","message":"Listening on :3005","timestamp":"2013-11-22T03:10:30.720Z"}
{"level":"info","message":"Docker information retrieved..","timestamp":"2013-11-22T03:10:34.455Z"}
{"level":"info","message":"Listening on :3005","timestamp":"2013-11-22T03:10:53.841Z"}
{"level":"info","message":"Listening on :3005","timestamp":"2013-11-22T03:10:54.432Z"}
{"level":"info","message":"Listening on :3005","timestamp":"2013-11-22T03:10:55.163Z"}
{"level":"info","message":"Listening on :3005","timestamp":"2013-11-22T03:11:22.783Z"}
{"level":"info","message":"Listening on :3005","timestamp":"2013-11-22T03:11:25.774Z"}
{"level":"error","message":"Unable to connect to docker server. Please check connection","timestamp":"2013-11-22T03:11:31.158Z"}
{"level":"info","message":"Listening on :3005","timestamp":"2013-11-22T03:11:39.759Z"}
{"level":"info","message":"Docker information retrieved..","timestamp":"2013-11-22T03:11:43.230Z"}
{"level":"info","message":"Listening on :3005","timestamp":"2013-11-22T03:14:54.758Z"}
{"level":"info","message":"Listening on :3005","timestamp":"2013-11-22T03:15:01.735Z"}
{"level":"info","message":"Listening on :3005","timestamp":"2013-11-22T03:16:25.708Z"}
{"level":"info","message":"Listening on :3005","timestamp":"2013-11-22T03:16:48.704Z"}
{"level":"info","message":"Listening on :3005","timestamp":"2013-11-22T03:17:24.739Z"}
{"level":"info","message":"Listening on :3005","timestamp":"2013-11-22T03:17:49.696Z"}
{"level":"info","message":"Listening on :3005","timestamp":"2013-11-22T03:18:19.687Z"}
{"level":"info","message":"Listening on :3005","timestamp":"2013-11-22T03:19:38.677Z"}
{"level":"info","message":"Listening on :3005","timestamp":"2013-11-22T03:19:46.679Z"}
{"level":"info","message":"Listening on :3005","timestamp":"2013-11-22T03:19:48.661Z"}
{"level":"info","message":"Listening on :3005","timestamp":"2013-11-22T03:20:06.679Z"}
{"level":"info","message":"Listening on :3005","timestamp":"2013-11-22T03:21:47.757Z"}
{"level":"info","message":"Listening on :3005","timestamp":"2013-11-22T03:21:51.652Z"}
{"level":"info","message":"Listening on :3005","timestamp":"2013-11-22T03:21:57.655Z"}
{"level":"info","message":"Listening on :3005","timestamp":"2013-11-22T03:22:02.705Z"}
{"level":"info","message":"Listening on :3005","timestamp":"2013-11-22T03:22:31.649Z"}
{"level":"info","message":"Listening on :3005","timestamp":"2013-11-22T03:22:50.648Z"}
{"level":"info","message":"Listening on :3005","timestamp":"2013-11-22T03:23:00.644Z"}
{"level":"info","message":"Listening on :3005","timestamp":"2013-11-22T03:23:03.647Z"}
{"level":"info","message":"Listening on :3005","timestamp":"2013-11-22T03:23:05.644Z"}
{"level":"info","message":"Listening on :3005","timestamp":"2013-11-22T03:23:08.640Z"}
{"level":"info","message":"Listening on :3005","timestamp":"2013-11-22T03:23:25.643Z"}
{"level":"info","message":"Listening on :3005","timestamp":"2013-11-22T03:23:46.635Z"}
{"level":"info","message":"Listening on :3005","timestamp":"2013-11-22T03:23:49.662Z"}
{"level":"info","message":"Listening on :3005","timestamp":"2013-11-22T03:24:52.653Z"}
{"level":"info","message":"Listening on :3005","timestamp":"2013-11-22T03:25:25.617Z"}
{"level":"info","message":"Listening on :3005","timestamp":"2013-11-22T03:33:20.372Z"}
{"level":"info","message":"Listening on :3005","timestamp":"2013-11-22T03:38:44.287Z"}
{"level":"info","message":"Listening on :3005","timestamp":"2013-11-22T03:58:12.677Z"}
{"level":"info","message":"Listening on :3005","timestamp":"2013-11-22T04:02:06.708Z"}
{"level":"info","message":"Listening on :3005","timestamp":"2013-11-22T04:03:44.669Z"}
{"level":"info","message":"Listening on :3005","timestamp":"2013-11-22T04:05:25.080Z"}
{"level":"info","message":"Listening on :3005","timestamp":"2013-11-22T04:06:10.397Z"}
{"level":"info","message":"Listening on :3005","timestamp":"2013-11-22T04:06:18.401Z"}
{"level":"info","message":"Listening on :3005","timestamp":"2013-11-22T04:07:36.246Z"}
{"level":"info","message":"Listening on :3005","timestamp":"2013-11-22T04:07:38.809Z"}
{"level":"info","message":"Listening on :3005","timestamp":"2013-11-22T04:08:23.320Z"}
{"level":"info","message":"Error: Error: spawn ENOENT","timestamp":"2013-11-22T04:08:25.575Z"}
{"level":"info","message":"child process terminated due to receipt of signalnull","timestamp":"2013-11-22T04:08:25.575Z"}
{"level":"info","message":"Listening on :3005","timestamp":"2013-11-22T04:10:52.302Z"}
{"level":"info","message":"Listening on :3005","timestamp":"2013-11-22T04:12:10.251Z"}
{"level":"info","message":"Listening on :3005","timestamp":"2013-11-22T04:12:14.270Z"}
{"level":"info","message":"Listening on :3005","timestamp":"2013-11-22T04:12:36.251Z"}
{"level":"info","message":"Listening on :3005","timestamp":"2013-11-22T04:12:46.270Z"}
{"level":"info","message":"Listening on :3005","timestamp":"2013-11-22T04:13:01.294Z"}
{"level":"info","message":"stdout: ","timestamp":"2013-11-22T04:13:10.206Z"}
{"level":"info","message":"stderr: 'pwd' is not recognized as an internal or external command,\r\noperable program or batch file.\r\n","timestamp":"2013-11-22T04:13:10.207Z"}
{"level":"info","message":"exec error: Error: Command failed: 'pwd' is not recognized as an internal or external command,\r\noperable program or batch file.\r\n","timestamp":"2013-11-22T04:13:10.207Z"}
{"level":"info","message":"Listening on :3005","timestamp":"2013-11-22T04:13:46.249Z"}
{"level":"info","message":"stdout: \r\r\nPinging google.com [74.125.236.199] with 32 bytes of data:\r\r\n\r\r\nReply from 74.125.236.199: bytes=32 time=73ms TTL=55\r\r\nReply from 74.125.236.199: bytes=32 time=98ms TTL=55\r\r\nReply from 74.125.236.199: bytes=32 time=60ms TTL=55\r\r\nReply from 74.125.236.199: bytes=32 time=61ms TTL=55\r\r\n\r\r\nPing statistics for 74.125.236.199:\r\r\n    Packets: Sent = 4, Received = 4, Lost = 0 (0% loss),\r\r\nApproximate round trip times in milli-seconds:\r\r\n    Minimum = 60ms, Maximum = 98ms, Average = 73ms\r\r\n","timestamp":"2013-11-22T04:13:49.609Z"}
{"level":"info","message":"stderr: ","timestamp":"2013-11-22T04:13:49.609Z"}
{"level":"info","message":"Listening on :3005","timestamp":"2013-11-22T04:14:50.252Z"}
{"level":"info","message":"Listening on :3005","timestamp":"2013-11-22T04:15:01.233Z"}
{"level":"info","message":"Listening on :3005","timestamp":"2013-11-22T04:15:05.313Z"}
{"level":"info","message":"Listening on :3005","timestamp":"2013-11-22T04:15:07.242Z"}
{"level":"info","message":"Listening on :3005","timestamp":"2013-11-22T04:15:11.268Z"}
{"level":"info","message":"stdout: \r\r\nPinging google.com [74.125.236.196] with 32 bytes of data:\r\r\n\r\r\nReply from 74.125.236.196: bytes=32 time=62ms TTL=55\r\r\nReply from 74.125.236.196: bytes=32 time=61ms TTL=55\r\r\nReply from 74.125.236.196: bytes=32 time=61ms TTL=55\r\r\nReply from 74.125.236.196: bytes=32 time=61ms TTL=55\r\r\n\r\r\nPing statistics for 74.125.236.196:\r\r\n    Packets: Sent = 4, Received = 4, Lost = 0 (0% loss),\r\r\nApproximate round trip times in milli-seconds:\r\r\n    Minimum = 61ms, Maximum = 62ms, Average = 61ms\r\r\n","timestamp":"2013-11-22T04:15:18.518Z"}
{"level":"info","message":"stderr: ","timestamp":"2013-11-22T04:15:18.519Z"}
{"level":"info","message":"Listening on :3005","timestamp":"2013-11-22T04:16:14.255Z"}
{"level":"info","message":"stdout: ","timestamp":"2013-11-22T04:16:15.547Z"}
{"level":"info","message":"stderr: 'pwd' is not recognized as an internal or external command,\r\noperable program or batch file.\r\n","timestamp":"2013-11-22T04:16:15.548Z"}
{"level":"info","message":"exec error: Error: Command failed: 'pwd' is not recognized as an internal or external command,\r\noperable program or batch file.\r\n","timestamp":"2013-11-22T04:16:15.549Z"}
{"level":"info","message":"Listening on :3005","timestamp":"2013-11-22T04:17:30.035Z"}
{"level":"info","message":"stdout: ","timestamp":"2013-11-22T04:17:37.479Z"}
{"level":"info","message":"stderr: 'pwd' is not recognized as an internal or external command,\r\noperable program or batch file.\r\n","timestamp":"2013-11-22T04:17:37.480Z"}
{"level":"info","message":"exec error: Error: Command failed: 'pwd' is not recognized as an internal or external command,\r\noperable program or batch file.\r\n","timestamp":"2013-11-22T04:17:37.482Z"}
{"level":"info","message":"Listening on :3005","timestamp":"2013-11-22T04:19:25.550Z"}
{"level":"info","message":"stdout: ","timestamp":"2013-11-22T04:19:26.913Z"}
{"level":"info","message":"stderr: 'pwd' is not recognized as an internal or external command,\r\noperable program or batch file.\r\n","timestamp":"2013-11-22T04:19:26.915Z"}
{"level":"info","message":"exec error: Error: Command failed: 'pwd' is not recognized as an internal or external command,\r\noperable program or batch file.\r\n","timestamp":"2013-11-22T04:19:26.917Z"}
{"level":"info","message":"Listening on :3005","timestamp":"2013-11-22T04:19:59.624Z"}
{"level":"info","message":"Listening on :3005","timestamp":"2013-11-22T04:20:10.603Z"}
{"level":"info","message":"Listening on :3005","timestamp":"2013-11-22T04:20:19.604Z"}
{"level":"info","message":"Listening on :3005","timestamp":"2013-11-22T04:20:35.583Z"}
{"level":"info","message":"stdout: \r\r\nUsage: ping [-t] [-a] [-n count] [-l size] [-f] [-i TTL] [-v TOS]\r\r\n            [-r count] [-s count] [[-j host-list] | [-k host-list]]\r\r\n            [-w timeout] target_name\r\r\n\r\r\nOptions:\r\r\n    -t             Ping the specified host until stopped.\r\r\n                   To see statistics and continue - type Control-Break;\r\r\n                   To stop - type Control-C.\r\r\n    -a             Resolve addresses to hostnames.\r\r\n    -n count       Number of echo requests to send.\r\r\n    -l size        Send buffer size.\r\r\n    -f             Set Don't Fragment flag in packet.\r\r\n    -i TTL         Time To Live.\r\r\n    -v TOS         Type Of Service.\r\r\n    -r count       Record route for count hops.\r\r\n    -s count       Timestamp for count hops.\r\r\n    -j host-list   Loose source route along host-list.\r\r\n    -k host-list   Strict source route along host-list.\r\r\n    -w timeout     Timeout in milliseconds to wait for each reply.\r\r\n\r\r\n","timestamp":"2013-11-22T04:20:39.375Z"}
{"level":"info","message":"exec error: Error: Command failed: ","timestamp":"2013-11-22T04:20:39.376Z"}
{"level":"info","message":"Listening on :3005","timestamp":"2013-11-22T04:24:15.536Z"}
{"level":"info","message":"stdout: \r\r\nUsage: ping [-t] [-a] [-n count] [-l size] [-f] [-i TTL] [-v TOS]\r\r\n            [-r count] [-s count] [[-j host-list] | [-k host-list]]\r\r\n            [-w timeout] target_name\r\r\n\r\r\nOptions:\r\r\n    -t             Ping the specified host until stopped.\r\r\n                   To see statistics and continue - type Control-Break;\r\r\n                   To stop - type Control-C.\r\r\n    -a             Resolve addresses to hostnames.\r\r\n    -n count       Number of echo requests to send.\r\r\n    -l size        Send buffer size.\r\r\n    -f             Set Don't Fragment flag in packet.\r\r\n    -i TTL         Time To Live.\r\r\n    -v TOS         Type Of Service.\r\r\n    -r count       Record route for count hops.\r\r\n    -s count       Timestamp for count hops.\r\r\n    -j host-list   Loose source route along host-list.\r\r\n    -k host-list   Strict source route along host-list.\r\r\n    -w timeout     Timeout in milliseconds to wait for each reply.\r\r\n\r\r\n","timestamp":"2013-11-22T04:24:16.691Z"}
{"level":"info","message":"exec error: Error: Command failed: ","timestamp":"2013-11-22T04:24:16.692Z"}
{"level":"info","message":"Listening on :3005","timestamp":"2013-11-22T04:24:25.534Z"}
{"level":"info","message":"stdout: \r\r\nPinging google.com [74.125.236.197] with 32 bytes of data:\r\r\n\r\r\nReply from 74.125.236.197: bytes=32 time=45ms TTL=54\r\r\nReply from 74.125.236.197: bytes=32 time=43ms TTL=54\r\r\nReply from 74.125.236.197: bytes=32 time=46ms TTL=54\r\r\nReply from 74.125.236.197: bytes=32 time=58ms TTL=54\r\r\n\r\r\nPing statistics for 74.125.236.197:\r\r\n    Packets: Sent = 4, Received = 4, Lost = 0 (0% loss),\r\r\nApproximate round trip times in milli-seconds:\r\r\n    Minimum = 43ms, Maximum = 58ms, Average = 48ms\r\r\n","timestamp":"2013-11-22T04:24:33.306Z"}
{"level":"info","message":"Listening on :3005","timestamp":"2013-11-22T04:24:46.517Z"}
{"level":"info","message":"stdout: \r\r\nPinging goodgle.com [199.59.243.107] with 32 bytes of data:\r\r\n\r\r\nRequest timed out.\r\r\nRequest timed out.\r\r\nRequest timed out.\r\r\nRequest timed out.\r\r\n\r\r\nPing statistics for 199.59.243.107:\r\r\n    Packets: Sent = 4, Received = 0, Lost = 4 (100% loss),\r\r\n","timestamp":"2013-11-22T04:25:13.491Z"}
{"level":"info","message":"exec error: Error: Command failed: ","timestamp":"2013-11-22T04:25:13.492Z"}
{"level":"info","message":"Listening on :3005","timestamp":"2013-11-22T06:17:25.623Z"}
{"level":"info","message":"Listening on :3005","timestamp":"2013-11-22T06:27:13.456Z"}
{"level":"info","message":"Listening on :3005","timestamp":"2013-11-22T06:31:07.407Z"}
{"level":"info","message":"Listening on :3005","timestamp":"2013-11-22T06:32:02.391Z"}
{"level":"info","message":"Listening on :3005","timestamp":"2013-11-22T06:32:23.388Z"}
{"level":"info","message":"Listening on :3005","timestamp":"2013-11-22T06:34:18.378Z"}
{"level":"info","message":"Listening on :3005","timestamp":"2013-11-22T06:39:36.727Z"}
{"level":"info","message":"Minutes: 22","timestamp":"2013-11-22T06:39:37.053Z"}
{"level":"info","message":"Minutes: ","timestamp":"2013-11-22T06:39:54.070Z"}
{"level":"info","message":"Listening on :3005","timestamp":"2013-11-22T06:41:13.350Z"}
{"level":"info","message":"Listening on :3005","timestamp":"2013-11-22T06:41:33.439Z"}
{"level":"info","message":"Minutes: 23","timestamp":"2013-11-22T06:41:41.313Z"}
{"level":"info","message":"Listening on :3005","timestamp":"2013-11-22T06:44:11.462Z"}
{"level":"info","message":"Listening on :3005","timestamp":"2013-11-22T06:44:24.431Z"}
{"level":"info","message":"Minutes: 30","timestamp":"2013-11-22T07:06:08.875Z"}
{"level":"info","message":"Listening on :3005","timestamp":"2013-11-25T04:45:37.691Z"}
{"level":"info","message":"Listening on :3005","timestamp":"2013-11-25T06:08:34.852Z"}
{"level":"info","message":"Listening on :3005","timestamp":"2013-11-25T06:27:26.493Z"}
{"level":"info","message":"Listening on :3005","timestamp":"2013-11-25T06:27:46.542Z"}
