0 info it worked if it ends with ok
1 verbose cli [ 'D:\\Dev\\nodejs\\\\node.exe',
1 verbose cli   'D:\\Dev\\nodejs\\node_modules\\npm\\bin\\npm-cli.js',
1 verbose cli   'install',
1 verbose cli   'docker.io' ]
2 info using npm@1.3.11
3 info using node@v0.10.21
4 verbose node symlink D:\Dev\nodejs\\node.exe
5 warn package.json journey@0.4.0-pre-3 No repository field.
6 verbose readDependencies using package.json deps
7 verbose cache add [ 'docker.io@0.7.0', null ]
8 verbose cache add name=undefined spec="docker.io@0.7.0" args=["docker.io@0.7.0",null]
9 verbose parsed url { protocol: null,
9 verbose parsed url   slashes: null,
9 verbose parsed url   auth: null,
9 verbose parsed url   host: null,
9 verbose parsed url   port: null,
9 verbose parsed url   hostname: null,
9 verbose parsed url   hash: null,
9 verbose parsed url   search: null,
9 verbose parsed url   query: null,
9 verbose parsed url   pathname: 'docker.io@0.7.0',
9 verbose parsed url   path: 'docker.io@0.7.0',
9 verbose parsed url   href: 'docker.io@0.7.0' }
10 verbose cache add name="docker.io" spec="0.7.0" args=["docker.io","0.7.0"]
11 verbose parsed url { protocol: null,
11 verbose parsed url   slashes: null,
11 verbose parsed url   auth: null,
11 verbose parsed url   host: null,
11 verbose parsed url   port: null,
11 verbose parsed url   hostname: null,
11 verbose parsed url   hash: null,
11 verbose parsed url   search: null,
11 verbose parsed url   query: null,
11 verbose parsed url   pathname: '0.7.0',
11 verbose parsed url   path: '0.7.0',
11 verbose parsed url   href: '0.7.0' }
12 verbose addNamed [ 'docker.io', '0.7.0' ]
13 verbose addNamed [ '0.7.0', '0.7.0' ]
14 silly lockFile 6fde7e51-docker-io-0-7-0 docker.io@0.7.0
15 verbose lock docker.io@0.7.0 C:\Documents and Settings\sonu\Application Data\npm-cache\6fde7e51-docker-io-0-7-0.lock
16 verbose url raw docker.io/0.7.0
17 verbose url resolving [ 'https://registry.npmjs.org/', './docker.io/0.7.0' ]
18 verbose url resolved https://registry.npmjs.org/docker.io/0.7.0
19 info trying registry request attempt 1 at 08:12:22
20 verbose etag "24ZSW9F9RKLA1SY8UKI0Z6YDJ"
21 http GET https://registry.npmjs.org/docker.io/0.7.0
22 http 304 https://registry.npmjs.org/docker.io/0.7.0
23 silly registry.get cb [ 304,
23 silly registry.get   { server: 'CouchDB/1.3.1 (Erlang OTP/R15B03)',
23 silly registry.get     etag: '"24ZSW9F9RKLA1SY8UKI0Z6YDJ"',
23 silly registry.get     date: 'Fri, 22 Nov 2013 02:43:27 GMT',
23 silly registry.get     'content-length': '0' } ]
24 verbose etag docker.io/0.7.0 from cache
25 silly lockFile 6fde7e51-docker-io-0-7-0 docker.io@0.7.0
26 silly lockFile 6fde7e51-docker-io-0-7-0 docker.io@0.7.0
27 silly resolved [ { name: 'docker.io',
27 silly resolved     version: '0.7.0',
27 silly resolved     description: 'wrapper for the docker.io REST interface',
27 silly resolved     main: './lib',
27 silly resolved     scripts: { test: './node_modules/mocha/bin/mocha -R tap tests.js' },
27 silly resolved     repository:
27 silly resolved      { type: 'git',
27 silly resolved        url: 'git://github.com/appersonlabs/docker.io.git' },
27 silly resolved     keywords: [ 'docker', 'docker.io' ],
27 silly resolved     author: { name: 'Matt Apperson' },
27 silly resolved     license: 'Apache 2',
27 silly resolved     readmeFilename: 'README.md',
27 silly resolved     dependencies:
27 silly resolved      { querystring: '*',
27 silly resolved        'follow-redirects': '*',
27 silly resolved        'flat-validator': 'git://github.com/appersonlabs/flat-validator.git',
27 silly resolved        'event-stream': '3.0.16' },
27 silly resolved     devDependencies: { chai: '~1.8.0', mocha: '~1.14.0' },
27 silly resolved     readme: 'docker.io\n=========\n\nNode.JS wrapper for low-level Docker.io HTTP interface\n\n## Usage\n\n```javascript\n\nvar docker = require(\'docker.js\')({host:"http://localhost", port: "4243", version:\'v1.1\'});\n\n// Note, the options for host, port and version are all optional. The values passed\n// in this example are the defaults\n\n```\n\nWe have implamented most of the container methods like:\n\n- list\n\n```javascript\n\nfunction handler(err, res) {\n    if (err) throw err;\n    console.log("data returned from Docker as JS object: ", res);\n}\n\nvar options = {}; // all options listed in the REST documentation for Docker are supported.\n\ndocker.containers.list(options, handler);\n// OR\ndocker.containers.list(handler);\n\n```\n\n- create\n\n```javascript\n\nfunction handler(err, res) {\n    if (err) throw err;\n    console.log("data returned from Docker as JS object: ", res);\n}\n\nvar options = {}; // all options listed in the REST documentation for Docker are supported.\n\ndocker.containers.create(options, handler);\n// OR\ndocker.containers.create(handler);\n\n```\n\n- inspect\n\n```javascript\n\nfunction handler(err, res) {\n    if (err) throw err;\n    console.log("data returned from Docker as JS object: ", res);\n}\n\nvar options = {}; // all options listed in the REST documentation for Docker are supported.\n\ndocker.containers.inspect(\'263tbr762t37rtbd\', options, handler);\n// OR\ndocker.containers.inspect(\'263tbr762t37rtbd\', handler);\n\n\n```\n\n- inspectChanges\n\n```javascript\n\nfunction handler(err, res) {\n    if (err) throw err;\n    console.log("data returned from Docker as JS object: ", res);\n}\n\nvar options = {}; // all options listed in the REST documentation for Docker are supported.\n\ndocker.containers.inspectChanges(\'263tbr762t37rtbd\', options, handler);\n// OR\ndocker.containers.inspectChanges(\'263tbr762t37rtbd\', handler);\n\n```\n\n- runExport\n\n```javascript\n\nfunction handler(err, res) {\n    if (err) throw err;\n    console.log("data returned from Docker as JS object: ", res);\n}\n\nvar options = {}; // all options listed in the REST documentation for Docker are supported.\n\ndocker.containers.runExport(\'263tbr762t37rtbd\', options, handler);\n// OR\ndocker.containers.runExport(\'263tbr762t37rtbd\', handler);\n```\n\n- start\n\n```javascript\n\nfunction handler(err, res) {\n    if (err) throw err;\n    console.log("data returned from Docker as JS object: ", res);\n}\n\nvar options = {}; // all options listed in the REST documentation for Docker are supported.\n\ndocker.containers.start(\'263tbr762t37rtbd\', options, handler);\n// OR\ndocker.containers.start(\'263tbr762t37rtbd\', handler);\n```\n\n- stop\n\n```javascript\n\nfunction handler(err, res) {\n    if (err) throw err;\n    console.log("data returned from Docker as JS object: ", res);\n}\n\nvar options = {}; // all options listed in the REST documentation for Docker are supported.\n\ndocker.containers.stop(\'263tbr762t37rtbd\', options, handler);\n// OR\ndocker.containers.stop(\'263tbr762t37rtbd\', handler);\n```\n\n- restart\n\n```javascript\n\nfunction handler(err, res) {\n    if (err) throw err;\n    console.log("data returned from Docker as JS object: ", res);\n}\n\nvar options = {}; // all options listed in the REST documentation for Docker are supported.\n\ndocker.containers.restart(\'263tbr762t37rtbd\', options, handler);\n// OR\ndocker.containers.restart(\'263tbr762t37rtbd\', handler);\n```\n\n- attach\n\n```javascript\n\n// This gets fired on every line returned by the container for stderr, stdin, & stdout. It gets called once for logs\nfunction handler(err, res) {\n    if (err) throw err;\n    console.log("data returned from Docker as JS object: ", res);\n}\n\nvar options = {}; // all options listed in the REST documentation for Docker are supported.\n\ndocker.containers.attach(\'263tbr762t37rtbd\', options, handler);\n// OR\ndocker.containers.attach(\'263tbr762t37rtbd\', handler);\n```\n\n- wait\n\n```javascript\n\n// This fires once the container stops\nfunction handler(err, res) {\n    if (err) throw err;\n    console.log("data returned from Docker as JS object: ", res);\n}\n\nvar options = {}; // all options listed in the REST documentation for Docker are supported.\n\ndocker.containers.wait(\'263tbr762t37rtbd\', options, handler);\n// OR\ndocker.containers.wait(\'263tbr762t37rtbd\', handler);\n```\n\n- runExport\n\n```javascript\n\nfunction handler(err, res) {\n    if (err) throw err;\n    console.log("data returned from Docker as JS object: ", res);\n}\n\nvar options = {}; // all options listed in the REST documentation for Docker are supported.\n\ndocker.containers.runExport(\'263tbr762t37rtbd\', options, handler);\n// OR\ndocker.containers.runExport(\'263tbr762t37rtbd\', handler);\n```\n\n- version\n\n```javascript\n\nfunction handler(err, res) {\n    if (err) throw err;\n    console.log("data returned from Docker as JS object: ", res);\n}\n\ndocker.version(handler);\n```\n\n- info\n\n```javascript\n\nfunction handler(err, res) {\n    if (err) throw err;\n    console.log("data returned from Docker as JS object: ", res);\n}\n\ndocker.info(handler);\n```\n\nOther methods are implamented but a little buggy... PULL REQUESTS ARE WELCOME!',
27 silly resolved     _id: 'docker.io@0.7.0',
27 silly resolved     _from: 'docker.io@0.7.0',
27 silly resolved     bugs: { url: 'https://github.com/appersonlabs/docker.io/issues' } } ]
28 info install docker.io@0.7.0 into D:\SONU_WKSPC\nodejs\DockersManagerClient
29 info installOne docker.io@0.7.0
30 info D:\SONU_WKSPC\nodejs\DockersManagerClient\node_modules\docker.io unbuild
31 verbose tar unpack C:\Documents and Settings\sonu\Application Data\npm-cache\docker.io\0.7.0\package.tgz
32 silly lockFile ea5b71f0-gerClient-node-modules-docker-io tar://D:\SONU_WKSPC\nodejs\DockersManagerClient\node_modules\docker.io
33 verbose lock tar://D:\SONU_WKSPC\nodejs\DockersManagerClient\node_modules\docker.io C:\Documents and Settings\sonu\Application Data\npm-cache\ea5b71f0-gerClient-node-modules-docker-io.lock
34 silly lockFile c6436ae9-ache-docker-io-0-7-0-package-tgz tar://C:\Documents and Settings\sonu\Application Data\npm-cache\docker.io\0.7.0\package.tgz
35 verbose lock tar://C:\Documents and Settings\sonu\Application Data\npm-cache\docker.io\0.7.0\package.tgz C:\Documents and Settings\sonu\Application Data\npm-cache\c6436ae9-ache-docker-io-0-7-0-package-tgz.lock
36 silly gunzTarPerm modes [ '755', '644' ]
37 silly gunzTarPerm extractEntry package.json
38 silly gunzTarPerm modified mode [ 'package.json', 438, 420 ]
39 silly gunzTarPerm extractEntry .npmignore
40 silly gunzTarPerm modified mode [ '.npmignore', 438, 420 ]
41 silly gunzTarPerm extractEntry README.md
42 silly gunzTarPerm modified mode [ 'README.md', 438, 420 ]
43 silly gunzTarPerm extractEntry LICENSE
44 silly gunzTarPerm modified mode [ 'LICENSE', 438, 420 ]
45 silly gunzTarPerm extractEntry tests.js
46 silly gunzTarPerm modified mode [ 'tests.js', 438, 420 ]
47 silly gunzTarPerm extractEntry Dockerfile.tar
48 silly gunzTarPerm modified mode [ 'Dockerfile.tar', 438, 420 ]
49 silly gunzTarPerm extractEntry doodle.png
50 silly gunzTarPerm modified mode [ 'doodle.png', 438, 420 ]
51 silly gunzTarPerm extractEntry examples.md
52 silly gunzTarPerm modified mode [ 'examples.md', 438, 420 ]
53 silly gunzTarPerm extractEntry lib/endpoint.js
54 silly gunzTarPerm modified mode [ 'lib/endpoint.js', 438, 420 ]
55 silly gunzTarPerm extractEntry lib/index.js
56 silly gunzTarPerm modified mode [ 'lib/index.js', 438, 420 ]
57 silly lockFile ea5b71f0-gerClient-node-modules-docker-io tar://D:\SONU_WKSPC\nodejs\DockersManagerClient\node_modules\docker.io
58 silly lockFile ea5b71f0-gerClient-node-modules-docker-io tar://D:\SONU_WKSPC\nodejs\DockersManagerClient\node_modules\docker.io
59 silly lockFile c6436ae9-ache-docker-io-0-7-0-package-tgz tar://C:\Documents and Settings\sonu\Application Data\npm-cache\docker.io\0.7.0\package.tgz
60 silly lockFile c6436ae9-ache-docker-io-0-7-0-package-tgz tar://C:\Documents and Settings\sonu\Application Data\npm-cache\docker.io\0.7.0\package.tgz
61 info preinstall docker.io@0.7.0
62 verbose readDependencies using package.json deps
63 verbose readDependencies using package.json deps
64 verbose cache add [ 'querystring@*', null ]
65 verbose cache add name=undefined spec="querystring@*" args=["querystring@*",null]
66 verbose parsed url { protocol: null,
66 verbose parsed url   slashes: null,
66 verbose parsed url   auth: null,
66 verbose parsed url   host: null,
66 verbose parsed url   port: null,
66 verbose parsed url   hostname: null,
66 verbose parsed url   hash: null,
66 verbose parsed url   search: null,
66 verbose parsed url   query: null,
66 verbose parsed url   pathname: 'querystring@*',
66 verbose parsed url   path: 'querystring@*',
66 verbose parsed url   href: 'querystring@*' }
67 verbose cache add name="querystring" spec="*" args=["querystring","*"]
68 verbose parsed url { protocol: null,
68 verbose parsed url   slashes: null,
68 verbose parsed url   auth: null,
68 verbose parsed url   host: null,
68 verbose parsed url   port: null,
68 verbose parsed url   hostname: null,
68 verbose parsed url   hash: null,
68 verbose parsed url   search: null,
68 verbose parsed url   query: null,
68 verbose parsed url   pathname: '*',
68 verbose parsed url   path: '*',
68 verbose parsed url   href: '*' }
69 verbose addNamed [ 'querystring', '*' ]
70 verbose addNamed [ null, '*' ]
71 silly lockFile 69751c4d-querystring querystring@*
72 verbose lock querystring@* C:\Documents and Settings\sonu\Application Data\npm-cache\69751c4d-querystring.lock
73 verbose cache add [ 'follow-redirects@*', null ]
74 verbose cache add name=undefined spec="follow-redirects@*" args=["follow-redirects@*",null]
75 verbose parsed url { protocol: null,
75 verbose parsed url   slashes: null,
75 verbose parsed url   auth: null,
75 verbose parsed url   host: null,
75 verbose parsed url   port: null,
75 verbose parsed url   hostname: null,
75 verbose parsed url   hash: null,
75 verbose parsed url   search: null,
75 verbose parsed url   query: null,
75 verbose parsed url   pathname: 'follow-redirects@*',
75 verbose parsed url   path: 'follow-redirects@*',
75 verbose parsed url   href: 'follow-redirects@*' }
76 verbose cache add name="follow-redirects" spec="*" args=["follow-redirects","*"]
77 verbose parsed url { protocol: null,
77 verbose parsed url   slashes: null,
77 verbose parsed url   auth: null,
77 verbose parsed url   host: null,
77 verbose parsed url   port: null,
77 verbose parsed url   hostname: null,
77 verbose parsed url   hash: null,
77 verbose parsed url   search: null,
77 verbose parsed url   query: null,
77 verbose parsed url   pathname: '*',
77 verbose parsed url   path: '*',
77 verbose parsed url   href: '*' }
78 verbose addNamed [ 'follow-redirects', '*' ]
79 verbose addNamed [ null, '*' ]
80 silly lockFile 2e9da592-follow-redirects follow-redirects@*
81 verbose lock follow-redirects@* C:\Documents and Settings\sonu\Application Data\npm-cache\2e9da592-follow-redirects.lock
82 verbose cache add [ 'flat-validator@git://github.com/appersonlabs/flat-validator.git',
82 verbose cache add   null ]
83 verbose cache add name=undefined spec="flat-validator@git://github.com/appersonlabs/flat-validator.git" args=["flat-validator@git://github.com/appersonlabs/flat-validator.git",null]
84 verbose parsed url { protocol: null,
84 verbose parsed url   slashes: null,
84 verbose parsed url   auth: null,
84 verbose parsed url   host: null,
84 verbose parsed url   port: null,
84 verbose parsed url   hostname: null,
84 verbose parsed url   hash: null,
84 verbose parsed url   search: null,
84 verbose parsed url   query: null,
84 verbose parsed url   pathname: 'flat-validator@git://github.com/appersonlabs/flat-validator.git',
84 verbose parsed url   path: 'flat-validator@git://github.com/appersonlabs/flat-validator.git',
84 verbose parsed url   href: 'flat-validator@git://github.com/appersonlabs/flat-validator.git' }
85 verbose cache add name="flat-validator" spec="git://github.com/appersonlabs/flat-validator.git" args=["flat-validator","git://github.com/appersonlabs/flat-validator.git"]
86 verbose parsed url { protocol: 'git:',
86 verbose parsed url   slashes: true,
86 verbose parsed url   auth: null,
86 verbose parsed url   host: 'github.com',
86 verbose parsed url   port: null,
86 verbose parsed url   hostname: 'github.com',
86 verbose parsed url   hash: null,
86 verbose parsed url   search: null,
86 verbose parsed url   query: null,
86 verbose parsed url   pathname: '/appersonlabs/flat-validator.git',
86 verbose parsed url   path: '/appersonlabs/flat-validator.git',
86 verbose parsed url   href: 'git://github.com/appersonlabs/flat-validator.git' }
87 silly lockFile 79456559--appersonlabs-flat-validator-git git://github.com/appersonlabs/flat-validator.git
88 verbose lock git://github.com/appersonlabs/flat-validator.git C:\Documents and Settings\sonu\Application Data\npm-cache\79456559--appersonlabs-flat-validator-git.lock
89 verbose cache add [ 'event-stream@3.0.16', null ]
90 verbose cache add name=undefined spec="event-stream@3.0.16" args=["event-stream@3.0.16",null]
91 verbose parsed url { protocol: null,
91 verbose parsed url   slashes: null,
91 verbose parsed url   auth: null,
91 verbose parsed url   host: null,
91 verbose parsed url   port: null,
91 verbose parsed url   hostname: null,
91 verbose parsed url   hash: null,
91 verbose parsed url   search: null,
91 verbose parsed url   query: null,
91 verbose parsed url   pathname: 'event-stream@3.0.16',
91 verbose parsed url   path: 'event-stream@3.0.16',
91 verbose parsed url   href: 'event-stream@3.0.16' }
92 verbose cache add name="event-stream" spec="3.0.16" args=["event-stream","3.0.16"]
93 verbose parsed url { protocol: null,
93 verbose parsed url   slashes: null,
93 verbose parsed url   auth: null,
93 verbose parsed url   host: null,
93 verbose parsed url   port: null,
93 verbose parsed url   hostname: null,
93 verbose parsed url   hash: null,
93 verbose parsed url   search: null,
93 verbose parsed url   query: null,
93 verbose parsed url   pathname: '3.0.16',
93 verbose parsed url   path: '3.0.16',
93 verbose parsed url   href: '3.0.16' }
94 verbose addNamed [ 'event-stream', '3.0.16' ]
95 verbose addNamed [ '3.0.16', '3.0.16' ]
96 silly lockFile 078e5d49-event-stream-3-0-16 event-stream@3.0.16
97 verbose lock event-stream@3.0.16 C:\Documents and Settings\sonu\Application Data\npm-cache\078e5d49-event-stream-3-0-16.lock
98 silly addNameRange { name: 'querystring', range: '*', hasData: false }
99 verbose addRemoteGit [ 'git://github.com/appersonlabs/flat-validator.git', 'master' ]
100 silly addNameRange { name: 'follow-redirects', range: '*', hasData: false }
101 verbose url raw querystring
102 verbose url resolving [ 'https://registry.npmjs.org/', './querystring' ]
103 verbose url resolved https://registry.npmjs.org/querystring
104 info trying registry request attempt 1 at 08:12:26
105 verbose etag "7ZY51NIIKYALA3AR0C9REG6X6"
106 http GET https://registry.npmjs.org/querystring
107 verbose url raw follow-redirects
108 verbose url resolving [ 'https://registry.npmjs.org/', './follow-redirects' ]
109 verbose url resolved https://registry.npmjs.org/follow-redirects
110 info trying registry request attempt 1 at 08:12:26
111 verbose etag "9EY0BT1S872TFV8L4B40O20N8"
112 http GET https://registry.npmjs.org/follow-redirects
113 verbose url raw event-stream/3.0.16
114 verbose url resolving [ 'https://registry.npmjs.org/', './event-stream/3.0.16' ]
115 verbose url resolved https://registry.npmjs.org/event-stream/3.0.16
116 info trying registry request attempt 1 at 08:12:26
117 verbose etag "BVYRMQHPNTNT171SO967S72V6"
118 http GET https://registry.npmjs.org/event-stream/3.0.16
119 silly lockFile 79456559--appersonlabs-flat-validator-git git://github.com/appersonlabs/flat-validator.git
120 silly lockFile 79456559--appersonlabs-flat-validator-git git://github.com/appersonlabs/flat-validator.git
121 verbose about to build D:\SONU_WKSPC\nodejs\DockersManagerClient\node_modules\docker.io
122 info D:\SONU_WKSPC\nodejs\DockersManagerClient\node_modules\docker.io unbuild
123 info preuninstall docker.io@0.7.0
124 info uninstall docker.io@0.7.0
125 verbose true,D:\SONU_WKSPC\nodejs\DockersManagerClient\node_modules,D:\SONU_WKSPC\nodejs\DockersManagerClient\node_modules unbuild docker.io@0.7.0
126 info postuninstall docker.io@0.7.0
127 error not found: git
128 error Failed using git.
128 error This is most likely not a problem with npm itself.
128 error Please check if you have git installed and in your PATH.
129 error System Windows_NT 5.1.2600
130 error command "D:\\Dev\\nodejs\\\\node.exe" "D:\\Dev\\nodejs\\node_modules\\npm\\bin\\npm-cli.js" "install" "docker.io"
131 error cwd D:\SONU_WKSPC\nodejs\DockersManagerClient
132 error node -v v0.10.21
133 error npm -v 1.3.11
134 error code ENOGIT
135 verbose exit [ 1, true ]
